0 verbose cli /usr/local/bin/node /usr/local/bin/npm
1 info using npm@11.11.0
2 info using node@v24.14.1
3 silly config load:file:/usr/local/lib/node_modules/npm/npmrc
4 silly config load:file:/Users/it252240/Desktop/javascript2/0527/scroll_app/.npmrc
5 silly config load:file:/Users/it252240/.npmrc
6 silly config load:file:/Users/it252240/Desktop/javascript2/0527/scroll_app/etc/npmrc
7 verbose title npm install motion
8 verbose argv "--prefix" "/Users/it252240/Desktop/javascript2/0527/scroll_app" "install" "motion"
9 verbose logfile logs-max:10 dir:/Users/it252240/Desktop/javascript2/0527/scroll_app/.npm-cache/_logs/2026-05-27T02_22_37_228Z-
10 verbose logfile /Users/it252240/Desktop/javascript2/0527/scroll_app/.npm-cache/_logs/2026-05-27T02_22_37_228Z-debug-0.log
11 silly logfile done cleaning log files
12 silly packumentCache heap:4496293888 maxSize:1124073472 maxEntrySize:562036736
13 verbose shrinkwrap failed to load node_modules/.package-lock.json out of date, updated: node_modules
14 silly idealTree buildDeps
15 silly fetch manifest motion@*
16 silly packumentCache full:https://registry.npmjs.org/motion cache-miss
17 http fetch GET 200 https://registry.npmjs.org/motion 107ms (cache miss)
18 silly packumentCache full:https://registry.npmjs.org/motion set size:undefined disposed:false
19 silly fetch manifest @emotion/is-prop-valid@*
20 silly packumentCache full:https://registry.npmjs.org/@emotion%2fis-prop-valid cache-miss
21 http fetch GET 200 https://registry.npmjs.org/@emotion%2fis-prop-valid 40ms (cache miss)
22 silly packumentCache full:https://registry.npmjs.org/@emotion%2fis-prop-valid set size:undefined disposed:false
23 silly fetch manifest react@^18.0.0 || ^19.0.0
24 silly packumentCache full:https://registry.npmjs.org/react cache-miss
25 http fetch GET 200 https://registry.npmjs.org/react 142ms (cache miss)
26 silly packumentCache full:https://registry.npmjs.org/react set size:undefined disposed:false
27 silly fetch manifest react-dom@^18.0.0 || ^19.0.0
28 silly packumentCache full:https://registry.npmjs.org/react-dom cache-miss
29 http fetch GET 200 https://registry.npmjs.org/react-dom 161ms (cache miss)
30 silly packumentCache full:https://registry.npmjs.org/react-dom set size:undefined disposed:false
31 silly placeDep ROOT motion@12.40.0 OK for: scroll_app@0.0.0 want: *
32 silly fetch manifest framer-motion@^12.40.0
33 silly packumentCache full:https://registry.npmjs.org/framer-motion cache-miss
34 http fetch GET 200 https://registry.npmjs.org/framer-motion 222ms (cache miss)
35 silly packumentCache full:https://registry.npmjs.org/framer-motion set size:undefined disposed:false
36 silly placeDep ROOT framer-motion@12.40.0 OK for: motion@12.40.0 want: ^12.40.0
37 silly fetch manifest motion-dom@^12.40.0
38 silly packumentCache full:https://registry.npmjs.org/motion-dom cache-miss
39 silly fetch manifest motion-utils@^12.39.0
40 silly packumentCache full:https://registry.npmjs.org/motion-utils cache-miss
41 http fetch GET 200 https://registry.npmjs.org/motion-dom 133ms (cache miss)
42 silly packumentCache full:https://registry.npmjs.org/motion-dom set size:undefined disposed:false
43 http fetch GET 200 https://registry.npmjs.org/motion-utils 171ms (cache miss)
44 silly packumentCache full:https://registry.npmjs.org/motion-utils set size:undefined disposed:false
45 silly placeDep ROOT motion-dom@12.40.0 OK for: framer-motion@12.40.0 want: ^12.40.0
46 silly placeDep ROOT motion-utils@12.39.0 OK for: framer-motion@12.40.0 want: ^12.39.0
47 silly reify moves {}
48 silly audit bulk request {
48 silly audit   '@emnapi/core': [ '1.10.0' ],
48 silly audit   '@emnapi/runtime': [ '1.10.0' ],
48 silly audit   '@emnapi/wasi-threads': [ '1.2.1' ],
48 silly audit   '@napi-rs/wasm-runtime': [ '1.1.4' ],
48 silly audit   '@oxc-project/types': [ '0.132.0' ],
48 silly audit   '@rolldown/binding-android-arm64': [ '1.0.2' ],
48 silly audit   '@rolldown/binding-darwin-arm64': [ '1.0.2' ],
48 silly audit   '@rolldown/binding-darwin-x64': [ '1.0.2' ],
48 silly audit   '@rolldown/binding-freebsd-x64': [ '1.0.2' ],
48 silly audit   '@rolldown/binding-linux-arm-gnueabihf': [ '1.0.2' ],
48 silly audit   '@rolldown/binding-linux-arm64-gnu': [ '1.0.2' ],
48 silly audit   '@rolldown/binding-linux-arm64-musl': [ '1.0.2' ],
48 silly audit   '@rolldown/binding-linux-ppc64-gnu': [ '1.0.2' ],
48 silly audit   '@rolldown/binding-linux-s390x-gnu': [ '1.0.2' ],
48 silly audit   '@rolldown/binding-linux-x64-gnu': [ '1.0.2' ],
48 silly audit   '@rolldown/binding-linux-x64-musl': [ '1.0.2' ],
48 silly audit   '@rolldown/binding-openharmony-arm64': [ '1.0.2' ],
48 silly audit   '@rolldown/binding-wasm32-wasi': [ '1.0.2' ],
48 silly audit   '@rolldown/binding-win32-arm64-msvc': [ '1.0.2' ],
48 silly audit   '@rolldown/binding-win32-x64-msvc': [ '1.0.2' ],
48 silly audit   '@rolldown/pluginutils': [ '1.0.1' ],
48 silly audit   '@tybys/wasm-util': [ '0.10.2' ],
48 silly audit   'detect-libc': [ '2.1.2' ],
48 silly audit   fdir: [ '6.5.0' ],
48 silly audit   fsevents: [ '2.3.3' ],
48 silly audit   lightningcss: [ '1.32.0' ],
48 silly audit   'lightningcss-android-arm64': [ '1.32.0' ],
48 silly audit   'lightningcss-darwin-arm64': [ '1.32.0' ],
48 silly audit   'lightningcss-darwin-x64': [ '1.32.0' ],
48 silly audit   'lightningcss-freebsd-x64': [ '1.32.0' ],
48 silly audit   'lightningcss-linux-arm-gnueabihf': [ '1.32.0' ],
48 silly audit   'lightningcss-linux-arm64-gnu': [ '1.32.0' ],
48 silly audit   'lightningcss-linux-arm64-musl': [ '1.32.0' ],
48 silly audit   'lightningcss-linux-x64-gnu': [ '1.32.0' ],
48 silly audit   'lightningcss-linux-x64-musl': [ '1.32.0' ],
48 silly audit   'lightningcss-win32-arm64-msvc': [ '1.32.0' ],
48 silly audit   'lightningcss-win32-x64-msvc': [ '1.32.0' ],
48 silly audit   nanoid: [ '3.3.12' ],
48 silly audit   picocolors: [ '1.1.1' ],
48 silly audit   picomatch: [ '4.0.4' ],
48 silly audit   postcss: [ '8.5.15' ],
48 silly audit   rolldown: [ '1.0.2' ],
48 silly audit   'source-map-js': [ '1.2.1' ],
48 silly audit   tinyglobby: [ '0.2.16' ],
48 silly audit   tslib: [ '2.8.1' ],
48 silly audit   vite: [ '8.0.14' ],
48 silly audit   motion: [ '12.40.0' ],
48 silly audit   'framer-motion': [ '12.40.0' ],
48 silly audit   'motion-dom': [ '12.40.0' ],
48 silly audit   'motion-utils': [ '12.39.0' ]
48 silly audit }
49 http cache motion-utils@https://registry.npmjs.org/motion-utils/-/motion-utils-12.39.0.tgz 0ms (cache hit)
50 http cache framer-motion@https://registry.npmjs.org/framer-motion/-/framer-motion-12.40.0.tgz 0ms (cache hit)
51 http cache motion@https://registry.npmjs.org/motion/-/motion-12.40.0.tgz 0ms (cache hit)
52 http cache motion-dom@https://registry.npmjs.org/motion-dom/-/motion-dom-12.40.0.tgz 0ms (cache hit)
53 http cache tslib@https://registry.npmjs.org/tslib/-/tslib-2.8.1.tgz 0ms (cache hit)
54 silly tarball no local data for motion-utils@https://registry.npmjs.org/motion-utils/-/motion-utils-12.39.0.tgz. Extracting by manifest.
55 http cache fsevents@https://registry.npmjs.org/fsevents/-/fsevents-2.3.3.tgz 0ms (cache hit)
56 silly tarball no local data for framer-motion@https://registry.npmjs.org/framer-motion/-/framer-motion-12.40.0.tgz. Extracting by manifest.
57 silly tarball no local data for motion@https://registry.npmjs.org/motion/-/motion-12.40.0.tgz. Extracting by manifest.
58 silly tarball no local data for motion-dom@https://registry.npmjs.org/motion-dom/-/motion-dom-12.40.0.tgz. Extracting by manifest.
59 silly tarball no local data for tslib@https://registry.npmjs.org/tslib/-/tslib-2.8.1.tgz. Extracting by manifest.
60 http fetch GET 200 https://registry.npmjs.org/motion-utils/-/motion-utils-12.39.0.tgz 62ms (cache miss)
61 http fetch GET 200 https://registry.npmjs.org/tslib/-/tslib-2.8.1.tgz 73ms (cache miss)
62 http fetch POST 200 https://registry.npmjs.org/-/npm/v1/security/advisories/bulk 132ms
63 silly audit report {}
64 http fetch GET 200 https://registry.npmjs.org/motion/-/motion-12.40.0.tgz 132ms (cache miss)
65 http fetch GET 200 https://registry.npmjs.org/framer-motion/-/framer-motion-12.40.0.tgz 307ms (cache miss)
66 http fetch GET 200 https://registry.npmjs.org/motion-dom/-/motion-dom-12.40.0.tgz 332ms (cache miss)
67 silly ADD node_modules/motion-utils
68 silly ADD node_modules/motion-dom
69 silly ADD node_modules/framer-motion
70 silly ADD node_modules/motion
71 silly ADD node_modules/tslib
72 silly ADD node_modules/fsevents
73 verbose cwd /Users/it252240/Desktop/javascript2/0527/scroll_app
74 verbose os Darwin 24.4.0
75 verbose node v24.14.1
76 verbose npm  v11.11.0
77 verbose exit 0
78 info ok
