0 verbose cli /usr/local/bin/node /usr/local/bin/npm
1 info using npm@11.11.0
2 info using node@v24.14.1
3 silly config load:file:/usr/local/lib/node_modules/npm/npmrc
4 silly config load:file:/Users/it252240/Desktop/javascript2/0527/scroll_app/.npmrc
5 silly config load:file:/Users/it252240/.npmrc
6 silly config load:file:/usr/local/etc/npmrc
7 verbose title npm install
8 verbose argv "install"
9 verbose logfile logs-max:10 dir:/Users/it252240/Desktop/javascript2/0527/scroll_app/.npm-cache/_logs/2026-05-27T02_21_24_639Z-
10 verbose logfile /Users/it252240/Desktop/javascript2/0527/scroll_app/.npm-cache/_logs/2026-05-27T02_21_24_639Z-debug-0.log
11 silly logfile done cleaning log files
12 silly packumentCache heap:4496293888 maxSize:1124073472 maxEntrySize:562036736
13 silly idealTree buildDeps
14 silly fetch manifest vite@^8.0.12
15 silly packumentCache full:https://registry.npmjs.org/vite cache-miss
16 http fetch GET 200 https://registry.npmjs.org/npm 126ms
17 http fetch GET 200 https://registry.npmjs.org/vite 1215ms (cache miss)
18 silly packumentCache full:https://registry.npmjs.org/vite set size:undefined disposed:false
19 silly fetch manifest @types/node@^20.19.0 || >=22.12.0
20 silly packumentCache full:https://registry.npmjs.org/@types%2fnode cache-miss
21 http fetch GET 200 https://registry.npmjs.org/@types%2fnode 222ms (cache miss)
22 silly packumentCache full:https://registry.npmjs.org/@types%2fnode set size:undefined disposed:false
23 silly fetch manifest @vitejs/devtools@^0.1.18
24 silly packumentCache full:https://registry.npmjs.org/@vitejs%2fdevtools cache-miss
25 http fetch GET 200 https://registry.npmjs.org/@vitejs%2fdevtools 278ms (cache miss)
26 silly packumentCache full:https://registry.npmjs.org/@vitejs%2fdevtools set size:undefined disposed:false
27 silly fetch manifest esbuild@^0.27.0 || ^0.28.0
28 silly packumentCache full:https://registry.npmjs.org/esbuild cache-miss
29 http fetch GET 200 https://registry.npmjs.org/esbuild 89ms (cache miss)
30 silly packumentCache full:https://registry.npmjs.org/esbuild set size:undefined disposed:false
31 silly fetch manifest jiti@>=1.21.0
32 silly packumentCache full:https://registry.npmjs.org/jiti cache-miss
33 http fetch GET 200 https://registry.npmjs.org/jiti 39ms (cache miss)
34 silly packumentCache full:https://registry.npmjs.org/jiti set size:undefined disposed:false
35 silly fetch manifest less@^4.0.0
36 silly packumentCache full:https://registry.npmjs.org/less cache-miss
37 http fetch GET 200 https://registry.npmjs.org/less 48ms (cache miss)
38 silly packumentCache full:https://registry.npmjs.org/less set size:undefined disposed:false
39 silly fetch manifest sass@^1.70.0
40 silly packumentCache full:https://registry.npmjs.org/sass cache-miss
41 http fetch GET 200 https://registry.npmjs.org/sass 49ms (cache miss)
42 silly packumentCache full:https://registry.npmjs.org/sass set size:undefined disposed:false
43 silly fetch manifest sass-embedded@^1.70.0
44 silly packumentCache full:https://registry.npmjs.org/sass-embedded cache-miss
45 http fetch GET 200 https://registry.npmjs.org/sass-embedded 43ms (cache miss)
46 silly packumentCache full:https://registry.npmjs.org/sass-embedded set size:undefined disposed:false
47 silly fetch manifest stylus@>=0.54.8
48 silly packumentCache full:https://registry.npmjs.org/stylus cache-miss
49 http fetch GET 200 https://registry.npmjs.org/stylus 29ms (cache miss)
50 silly packumentCache full:https://registry.npmjs.org/stylus set size:undefined disposed:false
51 silly fetch manifest sugarss@^5.0.0
52 silly packumentCache full:https://registry.npmjs.org/sugarss cache-miss
53 http fetch GET 200 https://registry.npmjs.org/sugarss 32ms (cache miss)
54 silly packumentCache full:https://registry.npmjs.org/sugarss set size:undefined disposed:false
55 silly fetch manifest postcss@^8.3.3
56 silly packumentCache full:https://registry.npmjs.org/postcss cache-miss
57 http fetch GET 200 https://registry.npmjs.org/postcss 40ms (cache miss)
58 silly packumentCache full:https://registry.npmjs.org/postcss set size:undefined disposed:false
59 silly fetch manifest terser@^5.16.0
60 silly packumentCache full:https://registry.npmjs.org/terser cache-miss
61 http fetch GET 200 https://registry.npmjs.org/terser 61ms (cache miss)
62 silly packumentCache full:https://registry.npmjs.org/terser set size:undefined disposed:false
63 silly fetch manifest tsx@^4.8.1
64 silly packumentCache full:https://registry.npmjs.org/tsx cache-miss
65 http fetch GET 200 https://registry.npmjs.org/tsx 32ms (cache miss)
66 silly packumentCache full:https://registry.npmjs.org/tsx set size:undefined disposed:false
67 silly fetch manifest yaml@^2.4.2
68 silly packumentCache full:https://registry.npmjs.org/yaml cache-miss
69 http fetch GET 200 https://registry.npmjs.org/yaml 42ms (cache miss)
70 silly packumentCache full:https://registry.npmjs.org/yaml set size:undefined disposed:false
71 silly placeDep ROOT vite@8.0.14 OK for: scroll_app@0.0.0 want: ^8.0.12
72 silly fetch manifest lightningcss@^1.32.0
73 silly packumentCache full:https://registry.npmjs.org/lightningcss cache-miss
74 silly fetch manifest picomatch@^4.0.4
75 silly packumentCache full:https://registry.npmjs.org/picomatch cache-miss
76 silly fetch manifest postcss@^8.5.15
77 silly packumentCache full:https://registry.npmjs.org/postcss cache-miss
78 silly fetch manifest rolldown@1.0.2
79 silly packumentCache full:https://registry.npmjs.org/rolldown cache-miss
80 silly fetch manifest tinyglobby@^0.2.16
81 silly packumentCache full:https://registry.npmjs.org/tinyglobby cache-miss
82 silly fetch manifest fsevents@~2.3.3
83 silly packumentCache full:https://registry.npmjs.org/fsevents cache-miss
84 http cache https://registry.npmjs.org/postcss 12ms (cache hit)
85 silly packumentCache full:https://registry.npmjs.org/postcss set size:723316 disposed:false
86 http fetch GET 200 https://registry.npmjs.org/lightningcss 31ms (cache miss)
87 silly packumentCache full:https://registry.npmjs.org/lightningcss set size:undefined disposed:false
88 http fetch GET 200 https://registry.npmjs.org/picomatch 41ms (cache miss)
89 silly packumentCache full:https://registry.npmjs.org/picomatch set size:undefined disposed:false
90 http fetch GET 200 https://registry.npmjs.org/tinyglobby 72ms (cache miss)
91 silly packumentCache full:https://registry.npmjs.org/tinyglobby set size:undefined disposed:false
92 http fetch GET 200 https://registry.npmjs.org/fsevents 95ms (cache miss)
93 silly packumentCache full:https://registry.npmjs.org/fsevents set size:undefined disposed:false
94 http fetch GET 200 https://registry.npmjs.org/rolldown 118ms (cache miss)
95 silly packumentCache full:https://registry.npmjs.org/rolldown set size:undefined disposed:false
96 silly placeDep ROOT fsevents@2.3.3 OK for: vite@8.0.14 want: ~2.3.3
97 silly placeDep ROOT lightningcss@1.32.0 OK for: vite@8.0.14 want: ^1.32.0
98 silly placeDep ROOT picomatch@4.0.4 OK for: vite@8.0.14 want: ^4.0.4
99 silly placeDep ROOT postcss@8.5.15 OK for: vite@8.0.14 want: ^8.5.15
100 silly placeDep ROOT rolldown@1.0.2 OK for: vite@8.0.14 want: 1.0.2
101 silly placeDep ROOT tinyglobby@0.2.16 OK for: vite@8.0.14 want: ^0.2.16
102 silly fetch manifest detect-libc@^2.0.3
103 silly packumentCache full:https://registry.npmjs.org/detect-libc cache-miss
104 silly fetch manifest lightningcss-darwin-x64@1.32.0
105 silly packumentCache full:https://registry.npmjs.org/lightningcss-darwin-x64 cache-miss
106 silly fetch manifest lightningcss-linux-x64-gnu@1.32.0
107 silly packumentCache full:https://registry.npmjs.org/lightningcss-linux-x64-gnu cache-miss
108 silly fetch manifest lightningcss-win32-x64-msvc@1.32.0
109 silly packumentCache full:https://registry.npmjs.org/lightningcss-win32-x64-msvc cache-miss
110 silly fetch manifest lightningcss-win32-arm64-msvc@1.32.0
111 silly packumentCache full:https://registry.npmjs.org/lightningcss-win32-arm64-msvc cache-miss
112 silly fetch manifest lightningcss-darwin-arm64@1.32.0
113 silly packumentCache full:https://registry.npmjs.org/lightningcss-darwin-arm64 cache-miss
114 silly fetch manifest lightningcss-linux-arm64-gnu@1.32.0
115 silly packumentCache full:https://registry.npmjs.org/lightningcss-linux-arm64-gnu cache-miss
116 http fetch GET 200 https://registry.npmjs.org/lightningcss-win32-arm64-msvc 28ms (cache miss)
117 silly packumentCache full:https://registry.npmjs.org/lightningcss-win32-arm64-msvc set size:undefined disposed:false
118 silly fetch manifest lightningcss-linux-arm-gnueabihf@1.32.0
119 silly packumentCache full:https://registry.npmjs.org/lightningcss-linux-arm-gnueabihf cache-miss
120 http fetch GET 200 https://registry.npmjs.org/detect-libc 29ms (cache miss)
121 silly packumentCache full:https://registry.npmjs.org/detect-libc set size:undefined disposed:false
122 silly fetch manifest lightningcss-linux-arm64-musl@1.32.0
123 silly packumentCache full:https://registry.npmjs.org/lightningcss-linux-arm64-musl cache-miss
124 http fetch GET 200 https://registry.npmjs.org/lightningcss-linux-x64-gnu 32ms (cache miss)
125 silly packumentCache full:https://registry.npmjs.org/lightningcss-linux-x64-gnu set size:undefined disposed:false
126 silly fetch manifest lightningcss-linux-x64-musl@1.32.0
127 silly packumentCache full:https://registry.npmjs.org/lightningcss-linux-x64-musl cache-miss
128 http fetch GET 200 https://registry.npmjs.org/lightningcss-win32-x64-msvc 39ms (cache miss)
129 silly packumentCache full:https://registry.npmjs.org/lightningcss-win32-x64-msvc set size:undefined disposed:false
130 silly fetch manifest lightningcss-freebsd-x64@1.32.0
131 silly packumentCache full:https://registry.npmjs.org/lightningcss-freebsd-x64 cache-miss
132 http fetch GET 200 https://registry.npmjs.org/lightningcss-linux-arm-gnueabihf 27ms (cache miss)
133 silly packumentCache full:https://registry.npmjs.org/lightningcss-linux-arm-gnueabihf set size:undefined disposed:false
134 silly fetch manifest lightningcss-android-arm64@1.32.0
135 silly packumentCache full:https://registry.npmjs.org/lightningcss-android-arm64 cache-miss
136 http fetch GET 200 https://registry.npmjs.org/lightningcss-linux-arm64-musl 26ms (cache miss)
137 silly packumentCache full:https://registry.npmjs.org/lightningcss-linux-arm64-musl set size:undefined disposed:false
138 silly fetch manifest nanoid@^3.3.12
139 silly packumentCache full:https://registry.npmjs.org/nanoid cache-miss
140 http fetch GET 200 https://registry.npmjs.org/lightningcss-linux-x64-musl 32ms (cache miss)
141 silly packumentCache full:https://registry.npmjs.org/lightningcss-linux-x64-musl set size:undefined disposed:false
142 silly fetch manifest picocolors@^1.1.1
143 silly packumentCache full:https://registry.npmjs.org/picocolors cache-miss
144 http fetch GET 200 https://registry.npmjs.org/lightningcss-linux-arm64-gnu 70ms (cache miss)
145 silly packumentCache full:https://registry.npmjs.org/lightningcss-linux-arm64-gnu set size:undefined disposed:false
146 silly fetch manifest source-map-js@^1.2.1
147 silly packumentCache full:https://registry.npmjs.org/source-map-js cache-miss
148 http fetch GET 200 https://registry.npmjs.org/lightningcss-freebsd-x64 32ms (cache miss)
149 silly packumentCache full:https://registry.npmjs.org/lightningcss-freebsd-x64 set size:undefined disposed:false
150 silly fetch manifest @oxc-project/types@=0.132.0
151 silly packumentCache full:https://registry.npmjs.org/@oxc-project%2ftypes cache-miss
152 http fetch GET 200 https://registry.npmjs.org/lightningcss-darwin-arm64 77ms (cache miss)
153 silly packumentCache full:https://registry.npmjs.org/lightningcss-darwin-arm64 set size:undefined disposed:false
154 silly fetch manifest @rolldown/pluginutils@^1.0.0
155 silly packumentCache full:https://registry.npmjs.org/@rolldown%2fpluginutils cache-miss
156 http fetch GET 200 https://registry.npmjs.org/nanoid 28ms (cache miss)
157 silly packumentCache full:https://registry.npmjs.org/nanoid set size:undefined disposed:false
158 silly fetch manifest @rolldown/binding-darwin-x64@1.0.2
159 silly packumentCache full:https://registry.npmjs.org/@rolldown%2fbinding-darwin-x64 cache-miss
160 http fetch GET 200 https://registry.npmjs.org/picocolors 30ms (cache miss)
161 silly packumentCache full:https://registry.npmjs.org/picocolors set size:undefined disposed:false
162 silly fetch manifest @rolldown/binding-win32-x64-msvc@1.0.2
163 silly packumentCache full:https://registry.npmjs.org/@rolldown%2fbinding-win32-x64-msvc cache-miss
164 http fetch GET 200 https://registry.npmjs.org/source-map-js 31ms (cache miss)
165 silly packumentCache full:https://registry.npmjs.org/source-map-js set size:undefined disposed:false
166 silly fetch manifest @rolldown/binding-linux-x64-gnu@1.0.2
167 silly packumentCache full:https://registry.npmjs.org/@rolldown%2fbinding-linux-x64-gnu cache-miss
168 http fetch GET 200 https://registry.npmjs.org/@oxc-project%2ftypes 54ms (cache miss)
169 silly packumentCache full:https://registry.npmjs.org/@oxc-project%2ftypes set size:undefined disposed:false
170 silly fetch manifest @rolldown/binding-linux-x64-musl@1.0.2
171 silly packumentCache full:https://registry.npmjs.org/@rolldown%2fbinding-linux-x64-musl cache-miss
172 http fetch GET 200 https://registry.npmjs.org/@rolldown%2fpluginutils 55ms (cache miss)
173 silly packumentCache full:https://registry.npmjs.org/@rolldown%2fpluginutils set size:undefined disposed:false
174 silly fetch manifest @rolldown/binding-freebsd-x64@1.0.2
175 silly packumentCache full:https://registry.npmjs.org/@rolldown%2fbinding-freebsd-x64 cache-miss
176 http fetch GET 200 https://registry.npmjs.org/lightningcss-darwin-x64 134ms (cache miss)
177 silly packumentCache full:https://registry.npmjs.org/lightningcss-darwin-x64 set size:undefined disposed:false
178 silly fetch manifest @rolldown/binding-linux-arm-gnueabihf@1.0.2
179 silly packumentCache full:https://registry.npmjs.org/@rolldown%2fbinding-linux-arm-gnueabihf cache-miss
180 http fetch GET 200 https://registry.npmjs.org/@rolldown%2fbinding-darwin-x64 58ms (cache miss)
181 silly packumentCache full:https://registry.npmjs.org/@rolldown%2fbinding-darwin-x64 set size:undefined disposed:false
182 silly fetch manifest @rolldown/binding-linux-arm64-gnu@1.0.2
183 silly packumentCache full:https://registry.npmjs.org/@rolldown%2fbinding-linux-arm64-gnu cache-miss
184 http fetch GET 200 https://registry.npmjs.org/lightningcss-android-arm64 123ms (cache miss)
185 silly packumentCache full:https://registry.npmjs.org/lightningcss-android-arm64 set size:undefined disposed:false
186 silly fetch manifest @rolldown/binding-darwin-arm64@1.0.2
187 silly packumentCache full:https://registry.npmjs.org/@rolldown%2fbinding-darwin-arm64 cache-miss
188 http fetch GET 200 https://registry.npmjs.org/@rolldown%2fbinding-win32-x64-msvc 86ms (cache miss)
189 silly packumentCache full:https://registry.npmjs.org/@rolldown%2fbinding-win32-x64-msvc set size:undefined disposed:false
190 silly fetch manifest @rolldown/binding-linux-arm64-musl@1.0.2
191 silly packumentCache full:https://registry.npmjs.org/@rolldown%2fbinding-linux-arm64-musl cache-miss
192 http fetch GET 200 https://registry.npmjs.org/@rolldown%2fbinding-linux-x64-gnu 86ms (cache miss)
193 silly packumentCache full:https://registry.npmjs.org/@rolldown%2fbinding-linux-x64-gnu set size:undefined disposed:false
194 silly fetch manifest @rolldown/binding-openharmony-arm64@1.0.2
195 silly packumentCache full:https://registry.npmjs.org/@rolldown%2fbinding-openharmony-arm64 cache-miss
196 http fetch GET 200 https://registry.npmjs.org/@rolldown%2fbinding-linux-arm64-gnu 66ms (cache miss)
197 silly packumentCache full:https://registry.npmjs.org/@rolldown%2fbinding-linux-arm64-gnu set size:undefined disposed:false
198 silly fetch manifest @rolldown/binding-win32-arm64-msvc@1.0.2
199 silly packumentCache full:https://registry.npmjs.org/@rolldown%2fbinding-win32-arm64-msvc cache-miss
200 http fetch GET 200 https://registry.npmjs.org/@rolldown%2fbinding-linux-x64-musl 101ms (cache miss)
201 silly packumentCache full:https://registry.npmjs.org/@rolldown%2fbinding-linux-x64-musl set size:undefined disposed:false
202 silly fetch manifest @rolldown/binding-android-arm64@1.0.2
203 silly packumentCache full:https://registry.npmjs.org/@rolldown%2fbinding-android-arm64 cache-miss
204 http fetch GET 200 https://registry.npmjs.org/@rolldown%2fbinding-linux-arm-gnueabihf 99ms (cache miss)
205 silly packumentCache full:https://registry.npmjs.org/@rolldown%2fbinding-linux-arm-gnueabihf set size:undefined disposed:false
206 silly fetch manifest @rolldown/binding-wasm32-wasi@1.0.2
207 silly packumentCache full:https://registry.npmjs.org/@rolldown%2fbinding-wasm32-wasi cache-miss
208 http fetch GET 200 https://registry.npmjs.org/@rolldown%2fbinding-freebsd-x64 104ms (cache miss)
209 silly packumentCache full:https://registry.npmjs.org/@rolldown%2fbinding-freebsd-x64 set size:undefined disposed:false
210 silly fetch manifest @rolldown/binding-linux-s390x-gnu@1.0.2
211 silly packumentCache full:https://registry.npmjs.org/@rolldown%2fbinding-linux-s390x-gnu cache-miss
212 http fetch GET 200 https://registry.npmjs.org/@rolldown%2fbinding-openharmony-arm64 51ms (cache miss)
213 silly packumentCache full:https://registry.npmjs.org/@rolldown%2fbinding-openharmony-arm64 set size:undefined disposed:false
214 silly fetch manifest @rolldown/binding-linux-ppc64-gnu@1.0.2
215 silly packumentCache full:https://registry.npmjs.org/@rolldown%2fbinding-linux-ppc64-gnu cache-miss
216 http fetch GET 200 https://registry.npmjs.org/@rolldown%2fbinding-darwin-arm64 68ms (cache miss)
217 silly packumentCache full:https://registry.npmjs.org/@rolldown%2fbinding-darwin-arm64 set size:undefined disposed:false
218 silly fetch manifest fdir@^6.5.0
219 silly packumentCache full:https://registry.npmjs.org/fdir cache-miss
220 http fetch GET 200 https://registry.npmjs.org/@rolldown%2fbinding-linux-arm64-musl 76ms (cache miss)
221 silly packumentCache full:https://registry.npmjs.org/@rolldown%2fbinding-linux-arm64-musl set size:undefined disposed:false
222 http fetch GET 200 https://registry.npmjs.org/@rolldown%2fbinding-linux-ppc64-gnu 42ms (cache miss)
223 silly packumentCache full:https://registry.npmjs.org/@rolldown%2fbinding-linux-ppc64-gnu set size:undefined disposed:false
224 http fetch GET 200 https://registry.npmjs.org/@rolldown%2fbinding-win32-arm64-msvc 68ms (cache miss)
225 silly packumentCache full:https://registry.npmjs.org/@rolldown%2fbinding-win32-arm64-msvc set size:undefined disposed:false
226 http fetch GET 200 https://registry.npmjs.org/fdir 38ms (cache miss)
227 silly packumentCache full:https://registry.npmjs.org/fdir set size:undefined disposed:false
228 http fetch GET 200 https://registry.npmjs.org/@rolldown%2fbinding-android-arm64 68ms (cache miss)
229 silly packumentCache full:https://registry.npmjs.org/@rolldown%2fbinding-android-arm64 set size:undefined disposed:false
230 http fetch GET 200 https://registry.npmjs.org/@rolldown%2fbinding-wasm32-wasi 90ms (cache miss)
231 silly packumentCache full:https://registry.npmjs.org/@rolldown%2fbinding-wasm32-wasi set size:undefined disposed:false
232 http fetch GET 200 https://registry.npmjs.org/@rolldown%2fbinding-linux-s390x-gnu 168ms (cache miss)
233 silly packumentCache full:https://registry.npmjs.org/@rolldown%2fbinding-linux-s390x-gnu set size:undefined disposed:false
234 silly placeDep ROOT detect-libc@2.1.2 OK for: lightningcss@1.32.0 want: ^2.0.3
235 silly placeDep ROOT lightningcss-android-arm64@1.32.0 OK for: lightningcss@1.32.0 want: 1.32.0
236 silly placeDep ROOT lightningcss-darwin-arm64@1.32.0 OK for: lightningcss@1.32.0 want: 1.32.0
237 silly placeDep ROOT lightningcss-darwin-x64@1.32.0 OK for: lightningcss@1.32.0 want: 1.32.0
238 silly placeDep ROOT lightningcss-freebsd-x64@1.32.0 OK for: lightningcss@1.32.0 want: 1.32.0
239 silly placeDep ROOT lightningcss-linux-arm-gnueabihf@1.32.0 OK for: lightningcss@1.32.0 want: 1.32.0
240 silly placeDep ROOT lightningcss-linux-arm64-gnu@1.32.0 OK for: lightningcss@1.32.0 want: 1.32.0
241 silly placeDep ROOT lightningcss-linux-arm64-musl@1.32.0 OK for: lightningcss@1.32.0 want: 1.32.0
242 silly placeDep ROOT lightningcss-linux-x64-gnu@1.32.0 OK for: lightningcss@1.32.0 want: 1.32.0
243 silly placeDep ROOT lightningcss-linux-x64-musl@1.32.0 OK for: lightningcss@1.32.0 want: 1.32.0
244 silly placeDep ROOT lightningcss-win32-arm64-msvc@1.32.0 OK for: lightningcss@1.32.0 want: 1.32.0
245 silly placeDep ROOT lightningcss-win32-x64-msvc@1.32.0 OK for: lightningcss@1.32.0 want: 1.32.0
246 silly placeDep ROOT nanoid@3.3.12 OK for: postcss@8.5.15 want: ^3.3.12
247 silly placeDep ROOT picocolors@1.1.1 OK for: postcss@8.5.15 want: ^1.1.1
248 silly placeDep ROOT source-map-js@1.2.1 OK for: postcss@8.5.15 want: ^1.2.1
249 silly placeDep ROOT @oxc-project/types@0.132.0 OK for: rolldown@1.0.2 want: =0.132.0
250 silly placeDep ROOT @rolldown/binding-android-arm64@1.0.2 OK for: rolldown@1.0.2 want: 1.0.2
251 silly placeDep ROOT @rolldown/binding-darwin-arm64@1.0.2 OK for: rolldown@1.0.2 want: 1.0.2
252 silly placeDep ROOT @rolldown/binding-darwin-x64@1.0.2 OK for: rolldown@1.0.2 want: 1.0.2
253 silly placeDep ROOT @rolldown/binding-freebsd-x64@1.0.2 OK for: rolldown@1.0.2 want: 1.0.2
254 silly placeDep ROOT @rolldown/binding-linux-arm-gnueabihf@1.0.2 OK for: rolldown@1.0.2 want: 1.0.2
255 silly placeDep ROOT @rolldown/binding-linux-arm64-gnu@1.0.2 OK for: rolldown@1.0.2 want: 1.0.2
256 silly placeDep ROOT @rolldown/binding-linux-arm64-musl@1.0.2 OK for: rolldown@1.0.2 want: 1.0.2
257 silly placeDep ROOT @rolldown/binding-linux-ppc64-gnu@1.0.2 OK for: rolldown@1.0.2 want: 1.0.2
258 silly placeDep ROOT @rolldown/binding-linux-s390x-gnu@1.0.2 OK for: rolldown@1.0.2 want: 1.0.2
259 silly placeDep ROOT @rolldown/binding-linux-x64-gnu@1.0.2 OK for: rolldown@1.0.2 want: 1.0.2
260 silly placeDep ROOT @rolldown/binding-linux-x64-musl@1.0.2 OK for: rolldown@1.0.2 want: 1.0.2
261 silly placeDep ROOT @rolldown/binding-openharmony-arm64@1.0.2 OK for: rolldown@1.0.2 want: 1.0.2
262 silly placeDep ROOT @rolldown/binding-wasm32-wasi@1.0.2 OK for: rolldown@1.0.2 want: 1.0.2
263 silly placeDep ROOT @rolldown/binding-win32-arm64-msvc@1.0.2 OK for: rolldown@1.0.2 want: 1.0.2
264 silly placeDep ROOT @rolldown/binding-win32-x64-msvc@1.0.2 OK for: rolldown@1.0.2 want: 1.0.2
265 silly placeDep ROOT @rolldown/pluginutils@1.0.1 OK for: rolldown@1.0.2 want: ^1.0.0
266 silly fetch manifest @napi-rs/wasm-runtime@^1.1.4
267 silly packumentCache full:https://registry.npmjs.org/@napi-rs%2fwasm-runtime cache-miss
268 silly fetch manifest @emnapi/core@1.10.0
269 silly packumentCache full:https://registry.npmjs.org/@emnapi%2fcore cache-miss
270 silly fetch manifest @emnapi/runtime@1.10.0
271 silly packumentCache full:https://registry.npmjs.org/@emnapi%2fruntime cache-miss
272 http fetch GET 200 https://registry.npmjs.org/@emnapi%2fcore 44ms (cache miss)
273 silly packumentCache full:https://registry.npmjs.org/@emnapi%2fcore set size:undefined disposed:false
274 http fetch GET 200 https://registry.npmjs.org/@emnapi%2fruntime 49ms (cache miss)
275 silly packumentCache full:https://registry.npmjs.org/@emnapi%2fruntime set size:undefined disposed:false
276 http fetch GET 200 https://registry.npmjs.org/@napi-rs%2fwasm-runtime 53ms (cache miss)
277 silly packumentCache full:https://registry.npmjs.org/@napi-rs%2fwasm-runtime set size:undefined disposed:false
278 silly placeDep ROOT @emnapi/core@1.10.0 OK for: @rolldown/binding-wasm32-wasi@1.0.2 want: 1.10.0
279 silly placeDep ROOT @emnapi/runtime@1.10.0 OK for: @rolldown/binding-wasm32-wasi@1.0.2 want: 1.10.0
280 silly placeDep ROOT @napi-rs/wasm-runtime@1.1.4 OK for: @rolldown/binding-wasm32-wasi@1.0.2 want: ^1.1.4
281 silly fetch manifest tslib@^2.4.0
282 silly packumentCache full:https://registry.npmjs.org/tslib cache-miss
283 silly fetch manifest @emnapi/wasi-threads@1.2.1
284 silly packumentCache full:https://registry.npmjs.org/@emnapi%2fwasi-threads cache-miss
285 silly fetch manifest tslib@^2.4.0
286 silly packumentCache full:https://registry.npmjs.org/tslib cache-miss
287 silly fetch manifest @tybys/wasm-util@^0.10.1
288 silly packumentCache full:https://registry.npmjs.org/@tybys%2fwasm-util cache-miss
289 http fetch GET 200 https://registry.npmjs.org/@emnapi%2fwasi-threads 46ms (cache miss)
290 silly packumentCache full:https://registry.npmjs.org/@emnapi%2fwasi-threads set size:undefined disposed:false
291 http fetch GET 200 https://registry.npmjs.org/@tybys%2fwasm-util 55ms (cache miss)
292 silly packumentCache full:https://registry.npmjs.org/@tybys%2fwasm-util set size:undefined disposed:false
293 http fetch GET 200 https://registry.npmjs.org/tslib 131ms (cache miss)
294 silly packumentCache full:https://registry.npmjs.org/tslib set size:undefined disposed:false
295 http fetch GET 200 https://registry.npmjs.org/tslib 134ms (cache miss)
296 silly packumentCache full:https://registry.npmjs.org/tslib set size:undefined disposed:false
297 silly placeDep ROOT @emnapi/wasi-threads@1.2.1 OK for: @emnapi/core@1.10.0 want: 1.2.1
298 silly placeDep ROOT tslib@2.8.1 OK for: @emnapi/core@1.10.0 want: ^2.4.0
299 silly placeDep ROOT @tybys/wasm-util@0.10.2 OK for: @napi-rs/wasm-runtime@1.1.4 want: ^0.10.1
300 silly placeDep ROOT fdir@6.5.0 OK for: tinyglobby@0.2.16 want: ^6.5.0
301 silly reify moves {}
302 silly audit bulk request {
302 silly audit   vite: [ '8.0.14' ],
302 silly audit   fsevents: [ '2.3.3' ],
302 silly audit   lightningcss: [ '1.32.0' ],
302 silly audit   picomatch: [ '4.0.4' ],
302 silly audit   postcss: [ '8.5.15' ],
302 silly audit   rolldown: [ '1.0.2' ],
302 silly audit   tinyglobby: [ '0.2.16' ],
302 silly audit   'detect-libc': [ '2.1.2' ],
302 silly audit   'lightningcss-android-arm64': [ '1.32.0' ],
302 silly audit   'lightningcss-darwin-arm64': [ '1.32.0' ],
302 silly audit   'lightningcss-darwin-x64': [ '1.32.0' ],
302 silly audit   'lightningcss-freebsd-x64': [ '1.32.0' ],
302 silly audit   'lightningcss-linux-arm-gnueabihf': [ '1.32.0' ],
302 silly audit   'lightningcss-linux-arm64-gnu': [ '1.32.0' ],
302 silly audit   'lightningcss-linux-arm64-musl': [ '1.32.0' ],
302 silly audit   'lightningcss-linux-x64-gnu': [ '1.32.0' ],
302 silly audit   'lightningcss-linux-x64-musl': [ '1.32.0' ],
302 silly audit   'lightningcss-win32-arm64-msvc': [ '1.32.0' ],
302 silly audit   'lightningcss-win32-x64-msvc': [ '1.32.0' ],
302 silly audit   nanoid: [ '3.3.12' ],
302 silly audit   picocolors: [ '1.1.1' ],
302 silly audit   'source-map-js': [ '1.2.1' ],
302 silly audit   '@oxc-project/types': [ '0.132.0' ],
302 silly audit   '@rolldown/binding-android-arm64': [ '1.0.2' ],
302 silly audit   '@rolldown/binding-darwin-arm64': [ '1.0.2' ],
302 silly audit   '@rolldown/binding-darwin-x64': [ '1.0.2' ],
302 silly audit   '@rolldown/binding-freebsd-x64': [ '1.0.2' ],
302 silly audit   '@rolldown/binding-linux-arm-gnueabihf': [ '1.0.2' ],
302 silly audit   '@rolldown/binding-linux-arm64-gnu': [ '1.0.2' ],
302 silly audit   '@rolldown/binding-linux-arm64-musl': [ '1.0.2' ],
302 silly audit   '@rolldown/binding-linux-ppc64-gnu': [ '1.0.2' ],
302 silly audit   '@rolldown/binding-linux-s390x-gnu': [ '1.0.2' ],
302 silly audit   '@rolldown/binding-linux-x64-gnu': [ '1.0.2' ],
302 silly audit   '@rolldown/binding-linux-x64-musl': [ '1.0.2' ],
302 silly audit   '@rolldown/binding-openharmony-arm64': [ '1.0.2' ],
302 silly audit   '@rolldown/binding-wasm32-wasi': [ '1.0.2' ],
302 silly audit   '@rolldown/binding-win32-arm64-msvc': [ '1.0.2' ],
302 silly audit   '@rolldown/binding-win32-x64-msvc': [ '1.0.2' ],
302 silly audit   '@rolldown/pluginutils': [ '1.0.1' ],
302 silly audit   '@emnapi/core': [ '1.10.0' ],
302 silly audit   '@emnapi/runtime': [ '1.10.0' ],
302 silly audit   '@napi-rs/wasm-runtime': [ '1.1.4' ],
302 silly audit   '@emnapi/wasi-threads': [ '1.2.1' ],
302 silly audit   tslib: [ '2.8.1' ],
302 silly audit   '@tybys/wasm-util': [ '0.10.2' ],
302 silly audit   fdir: [ '6.5.0' ]
302 silly audit }
303 http cache fdir@https://registry.npmjs.org/fdir/-/fdir-6.5.0.tgz 0ms (cache hit)
304 http cache @rolldown/pluginutils@https://registry.npmjs.org/@rolldown/pluginutils/-/pluginutils-1.0.1.tgz 0ms (cache hit)
305 http cache @rolldown/binding-darwin-arm64@https://registry.npmjs.org/@rolldown/binding-darwin-arm64/-/binding-darwin-arm64-1.0.2.tgz 0ms (cache hit)
306 http cache source-map-js@https://registry.npmjs.org/source-map-js/-/source-map-js-1.2.1.tgz 0ms (cache hit)
307 http cache lightningcss-darwin-arm64@https://registry.npmjs.org/lightningcss-darwin-arm64/-/lightningcss-darwin-arm64-1.32.0.tgz 0ms (cache hit)
308 http cache detect-libc@https://registry.npmjs.org/detect-libc/-/detect-libc-2.1.2.tgz 0ms (cache hit)
309 http cache picocolors@https://registry.npmjs.org/picocolors/-/picocolors-1.1.1.tgz 0ms (cache hit)
310 http cache @oxc-project/types@https://registry.npmjs.org/@oxc-project/types/-/types-0.132.0.tgz 0ms (cache hit)
311 http cache rolldown@https://registry.npmjs.org/rolldown/-/rolldown-1.0.2.tgz 0ms (cache hit)
312 http cache postcss@https://registry.npmjs.org/postcss/-/postcss-8.5.15.tgz 0ms (cache hit)
313 http cache picomatch@https://registry.npmjs.org/picomatch/-/picomatch-4.0.4.tgz 0ms (cache hit)
314 http cache fsevents@https://registry.npmjs.org/fsevents/-/fsevents-2.3.3.tgz 0ms (cache hit)
315 http cache vite@https://registry.npmjs.org/vite/-/vite-8.0.14.tgz 0ms (cache hit)
316 http cache tinyglobby@https://registry.npmjs.org/tinyglobby/-/tinyglobby-0.2.16.tgz 0ms (cache hit)
317 http cache nanoid@https://registry.npmjs.org/nanoid/-/nanoid-3.3.12.tgz 0ms (cache hit)
318 silly tarball no local data for fdir@https://registry.npmjs.org/fdir/-/fdir-6.5.0.tgz. Extracting by manifest.
319 silly tarball no local data for @rolldown/pluginutils@https://registry.npmjs.org/@rolldown/pluginutils/-/pluginutils-1.0.1.tgz. Extracting by manifest.
320 silly tarball no local data for @rolldown/binding-darwin-arm64@https://registry.npmjs.org/@rolldown/binding-darwin-arm64/-/binding-darwin-arm64-1.0.2.tgz. Extracting by manifest.
321 silly tarball no local data for source-map-js@https://registry.npmjs.org/source-map-js/-/source-map-js-1.2.1.tgz. Extracting by manifest.
322 http cache lightningcss@https://registry.npmjs.org/lightningcss/-/lightningcss-1.32.0.tgz 0ms (cache hit)
323 silly tarball no local data for lightningcss-darwin-arm64@https://registry.npmjs.org/lightningcss-darwin-arm64/-/lightningcss-darwin-arm64-1.32.0.tgz. Extracting by manifest.
324 silly tarball no local data for detect-libc@https://registry.npmjs.org/detect-libc/-/detect-libc-2.1.2.tgz. Extracting by manifest.
325 silly tarball no local data for picocolors@https://registry.npmjs.org/picocolors/-/picocolors-1.1.1.tgz. Extracting by manifest.
326 silly tarball no local data for @oxc-project/types@https://registry.npmjs.org/@oxc-project/types/-/types-0.132.0.tgz. Extracting by manifest.
327 silly tarball no local data for rolldown@https://registry.npmjs.org/rolldown/-/rolldown-1.0.2.tgz. Extracting by manifest.
328 silly tarball no local data for postcss@https://registry.npmjs.org/postcss/-/postcss-8.5.15.tgz. Extracting by manifest.
329 silly tarball no local data for picomatch@https://registry.npmjs.org/picomatch/-/picomatch-4.0.4.tgz. Extracting by manifest.
330 silly tarball no local data for fsevents@https://registry.npmjs.org/fsevents/-/fsevents-2.3.3.tgz. Extracting by manifest.
331 silly tarball no local data for vite@https://registry.npmjs.org/vite/-/vite-8.0.14.tgz. Extracting by manifest.
332 silly tarball no local data for tinyglobby@https://registry.npmjs.org/tinyglobby/-/tinyglobby-0.2.16.tgz. Extracting by manifest.
333 silly tarball no local data for nanoid@https://registry.npmjs.org/nanoid/-/nanoid-3.3.12.tgz. Extracting by manifest.
334 silly tarball no local data for lightningcss@https://registry.npmjs.org/lightningcss/-/lightningcss-1.32.0.tgz. Extracting by manifest.
335 http fetch GET 200 https://registry.npmjs.org/fdir/-/fdir-6.5.0.tgz 45ms (cache miss)
336 http fetch GET 200 https://registry.npmjs.org/detect-libc/-/detect-libc-2.1.2.tgz 45ms (cache miss)
337 http fetch GET 200 https://registry.npmjs.org/source-map-js/-/source-map-js-1.2.1.tgz 49ms (cache miss)
338 http fetch GET 200 https://registry.npmjs.org/nanoid/-/nanoid-3.3.12.tgz 48ms (cache miss)
339 http fetch GET 200 https://registry.npmjs.org/@rolldown/pluginutils/-/pluginutils-1.0.1.tgz 61ms (cache miss)
340 http fetch GET 200 https://registry.npmjs.org/picocolors/-/picocolors-1.1.1.tgz 91ms (cache miss)
341 http fetch GET 200 https://registry.npmjs.org/tinyglobby/-/tinyglobby-0.2.16.tgz 91ms (cache miss)
342 http fetch GET 200 https://registry.npmjs.org/fsevents/-/fsevents-2.3.3.tgz 108ms (cache miss)
343 http fetch GET 200 https://registry.npmjs.org/@oxc-project/types/-/types-0.132.0.tgz 129ms (cache miss)
344 http fetch GET 200 https://registry.npmjs.org/lightningcss/-/lightningcss-1.32.0.tgz 131ms (cache miss)
345 http fetch GET 200 https://registry.npmjs.org/picomatch/-/picomatch-4.0.4.tgz 140ms (cache miss)
346 http fetch POST 200 https://registry.npmjs.org/-/npm/v1/security/advisories/bulk 152ms
347 silly audit report {}
348 http fetch GET 200 https://registry.npmjs.org/postcss/-/postcss-8.5.15.tgz 173ms (cache miss)
349 http fetch GET 200 https://registry.npmjs.org/rolldown/-/rolldown-1.0.2.tgz 201ms (cache miss)
350 http fetch GET 200 https://registry.npmjs.org/vite/-/vite-8.0.14.tgz 207ms (cache miss)
351 http fetch GET 200 https://registry.npmjs.org/lightningcss-darwin-arm64/-/lightningcss-darwin-arm64-1.32.0.tgz 246ms (cache miss)
352 http fetch GET 200 https://registry.npmjs.org/@rolldown/binding-darwin-arm64/-/binding-darwin-arm64-1.0.2.tgz 326ms (cache miss)
353 info run fsevents@2.3.3 install node_modules/fsevents node-gyp rebuild
354 info run fsevents@2.3.3 install { code: 1, signal: null }
355 verbose reify failed optional dependency /Users/it252240/Desktop/javascript2/0527/scroll_app/node_modules/fsevents
356 silly reify mark deleted [
356 silly reify   '/Users/it252240/Desktop/javascript2/0527/scroll_app/node_modules/fsevents'
356 silly reify ]
357 silly ADD node_modules/fdir
358 silly ADD node_modules/@rolldown/pluginutils
359 silly ADD node_modules/@rolldown/binding-darwin-arm64
360 silly ADD node_modules/@oxc-project/types
361 silly ADD node_modules/source-map-js
362 silly ADD node_modules/picocolors
363 silly ADD node_modules/nanoid
364 silly ADD node_modules/lightningcss-darwin-arm64
365 silly ADD node_modules/detect-libc
366 silly ADD node_modules/tinyglobby
367 silly ADD node_modules/rolldown
368 silly ADD node_modules/postcss
369 silly ADD node_modules/picomatch
370 silly ADD node_modules/lightningcss
371 silly ADD
372 silly ADD node_modules/vite
373 verbose cwd /Users/it252240/Desktop/javascript2/0527/scroll_app
374 verbose os Darwin 24.4.0
375 verbose node v24.14.1
376 verbose npm  v11.11.0
377 notice
377 notice New [33mminor[39m version of npm available! [33m11.11.0[39m -> [34m11.15.0[39m
377 notice Changelog: [34mhttps://github.com/npm/cli/releases/tag/v11.15.0[39m
377 notice To update run: [4mnpm install -g npm@11.15.0[24m
377 notice  { force: true, Symbol(proc-log.meta): true }
378 verbose exit 0
379 info ok
